[watchdocumentaries.com/monkey-mart-game/index.html]
[watchdocumentaries.com/wp-content/cache/breeze-minification/css/breeze_fcc9c987f7657bbea992d03c5397928e.css]
[watchdocumentaries.com/wp-content/cache/breeze-minification/css/breeze_b49e6b83f7bd47e2b24fae34688e415c.css]
[watchdocumentaries.com/wp-content/cache/breeze-minification/css/breeze_5fa4f20162cf09cd339b797780992297.css]
[watchdocumentaries.com/wp-content/cache/breeze-minification/css/breeze_722e9d18532da665cbde51e273f49703.css]
[watchdocumentaries.com/wp-content/cache/breeze-minification/css/breeze_89c4a358841f92c2151a0e689a2dc9b3.css]
[watchdocumentaries.com/wp-content/cache/breeze-minification/css/breeze_e689a65a108eeaca044d5fd7d640cdad.css]
[watchdocumentaries.com/wp-content/cache/breeze-minification/css/breeze_f4dd2bc3085cf3b4987fc31d6d26cd53.css]
[watchdocumentaries.com/wp-content/cache/breeze-minification/css/breeze_62ea5949d25fedaaf2c0e7f441bad9b7.css]
[watchdocumentaries.com/wp-content/cache/breeze-minification/css/breeze_c9dc6f1ef374d733a82d1682278e5b55.css]
[watchdocumentaries.com/wp-content/cache/breeze-minification/css/breeze_d8e372760bba540e34400cacfdb82221.css]
[watchdocumentaries.com/wp-content/cache/breeze-minification/css/breeze_e16cfbf17e354f87fd33661b103ec171.css]
[watchdocumentaries.com/wp-content/cache/breeze-minification/css/breeze_40874dc692384dd314b75bc0cb126c30.css]
[watchdocumentaries.com/wp-content/cache/breeze-minification/css/breeze_824c09d1498b100403f709e2afea233a.css]
[watchdocumentaries.com/wp-content/cache/breeze-minification/css/breeze_c3e3da6b96cf9e42596e05c1cc2d7096.css]
[watchdocumentaries.com/wp-content/cache/breeze-minification/css/breeze_fcb8fe6b33dc7263017161c07f2934f1.css]
[watchdocumentaries.com/wp-content/cache/breeze-minification/css/breeze_7dd6efe7556ca666dca0126387feed72.css]
[watchdocumentaries.com/wp-content/cache/breeze-minification/css/breeze_6af7da37740bca10632b4d6324db97b2.css]
[watchdocumentaries.com/wp-content/cache/breeze-minification/css/breeze_888507254fe253ad1564b41bd724a1ca.css]
[watchdocumentaries.com/wp-content/cache/breeze-minification/css/breeze_998c1bd3e6c61cf12c09e6ff99441e9c.css]
[watchdocumentaries.com/wp-content/cache/breeze-minification/css/breeze_053b6470c5f41f64565ec6a05f13f2a1.css]
[backblue.gif]
[fade.gif]
[index.html]
[watchdocumentaries.com/wp-content/cache/breeze-minification/css/breeze_1f294f64ef0a4397e8cb21ee4e428588.css]
[watchdocumentaries.com/wp-includes/css/dashicons.min8f99.css]
[watchdocumentaries.com/wp-content/themes/watchdocs/img/film-background.jpg]
[watchdocumentaries.com/wp-content/uploads/cropped-Favicon-32x32.png]
[watchdocumentaries.com/wp-content/uploads/cropped-Favicon-192x192.png]
[watchdocumentaries.com/wp-content/uploads/cropped-Favicon-180x180.png]
[watchdocumentaries.com/monkey-mart-game/feed/index.html]
[watchdocumentaries.com/choice1ed7.js]
[a.pub.network/core/pubfig/cls.css]
[a.pub.network/watchdocumentaries-com/pubfig.min.js]
[watchdocumentaries.com/wp-content/cache/breeze-minification/js/breeze_87438650fa839567cd3e395937a289ed.js]
[watchdocumentaries.com/wp-content/cache/breeze-minification/js/breeze_0325e9902c81522dda7ac1da127ca4f4.js]
[watchdocumentaries.com/wp-content/cache/breeze-minification/js/breeze_caef3ace6139699b402c759ec05c3bff.js]
[watchdocumentaries.com/wp-content/cache/breeze-minification/js/breeze_9b95a0126657ef71c5df8f09b44f0de5.js]
[watchdocumentaries.com/wp-content/uploads/Logo.png]
[watchdocumentaries.com/wp-content/themes/watchdocs/img/placeholder.png]
[watchdocumentaries.com/cdn-cgi/scripts/5c5dd728/cloudflare-static/email-decode.min.js]
[watchdocumentaries.com/wp-content/plugins/wp-postratings/images/stars_crystal/rating_over.gif]
[www.google.com/recaptcha/api1b73.js]
[watchdocumentaries.com/wp-content/cache/breeze-minification/js/breeze_51ae28443bac3644d0ef98559eb1337f.js]
[watchdocumentaries.com/wp-content/cache/breeze-minification/js/breeze_fa16b3b94a6268871148318347db62b6.js]
[watchdocumentaries.com/wp-content/cache/breeze-minification/js/breeze_583d0ebabdcc21af56a36fd9f39ac2ff.js]
[watchdocumentaries.com/wp-content/cache/breeze-minification/js/breeze_9e36084447030ab581098e867122fd39.js]
[watchdocumentaries.com/wp-content/cache/breeze-minification/js/breeze_830dae7fb9dfd5ac1879a83dd028083d.js]
[watchdocumentaries.com/wp-content/cache/breeze-minification/js/breeze_beac9b75064b8900e607f39ec64c2a03.js]
[watchdocumentaries.com/wp-content/cache/breeze-minification/js/breeze_a3d8d42caf26dc96aaecf8a6ac520956.js]
[watchdocumentaries.com/wp-content/cache/breeze-minification/js/breeze_5a64473f66b2b0a82082b04d27364c6d.js]
[watchdocumentaries.com/wp-content/cache/breeze-minification/js/breeze_65b75d5a07a21953bc44365f92ee4da5.js]
[watchdocumentaries.com/wp-content/cache/breeze-minification/js/breeze_ae456f133a97b2ad535d43bed8a664db.js]
[watchdocumentaries.com/wp-content/cache/breeze-minification/js/breeze_a7fe90b11dc0ae27c06c87de9466c8bf.js]
[watchdocumentaries.com/wp-content/cache/breeze-minification/js/breeze_3583aa5b3e65230ee9a34b6285c939ea.js]
[watchdocumentaries.com/wp-content/cache/breeze-minification/js/breeze_d8d56164fa22785da74d0380615de349.js]
[watchdocumentaries.com/wp-content/cache/breeze-minification/js/breeze_0dc891d6fb0689b77b61c13bd1625083.js]
[watchdocumentaries.com/wp-content/cache/breeze-minification/js/breeze_2994f7c5b279563e4ad51516041012ae.js]
[watchdocumentaries.com/wp-content/cache/breeze-minification/js/breeze_1931cba4ab28e45b6069dd28602e2a3d.js]
[watchdocumentaries.com/wp-content/cache/breeze-minification/js/breeze_690cfdc216931608699f7a8327e68c30.js]
[watchdocumentaries.com/wp-content/cache/breeze-minification/js/breeze_657e4f80b0af08ca61b31618b36668fe.js]
[watchdocumentaries.com/wp-content/cache/breeze-minification/js/breeze_91954b488a9bfcade528d6ff5c7ce83f.js]
[watchdocumentaries.com/wp-content/cache/breeze-minification/js/breeze_c876f899d63c72215ab664115f2361c5.js]
[watchdocumentaries.com/wp-content/cache/breeze-minification/js/breeze_7216bbb043de03a267871f2bd2bbf1cb.js]
[watchdocumentaries.com/wp-content/cache/breeze-minification/js/breeze_a1b71d1294624aa27c316482a2311a65.js]
[watchdocumentaries.com/wp-content/cache/breeze-minification/js/breeze_d6c2c33997deccd7c8bd5739f4d458a4.js]
[watchdocumentaries.com/monkey-mart-game/index.html]
[watchdocumentaries.com/wp-content/cache/breeze-minification/css/breeze_fcc9c987f7657bbea992d03c5397928e.css]
[watchdocumentaries.com/wp-content/cache/breeze-minification/css/breeze_b49e6b83f7bd47e2b24fae34688e415c.css]
[watchdocumentaries.com/wp-content/cache/breeze-minification/css/breeze_5fa4f20162cf09cd339b797780992297.css]
[watchdocumentaries.com/wp-content/cache/breeze-minification/css/breeze_722e9d18532da665cbde51e273f49703.css]
[watchdocumentaries.com/wp-content/cache/breeze-minification/css/breeze_89c4a358841f92c2151a0e689a2dc9b3.css]
[watchdocumentaries.com/wp-content/cache/breeze-minification/css/breeze_e689a65a108eeaca044d5fd7d640cdad.css]
[watchdocumentaries.com/wp-content/cache/breeze-minification/css/breeze_f4dd2bc3085cf3b4987fc31d6d26cd53.css]
[watchdocumentaries.com/wp-content/cache/breeze-minification/css/breeze_62ea5949d25fedaaf2c0e7f441bad9b7.css]
[watchdocumentaries.com/wp-content/cache/breeze-minification/css/breeze_c9dc6f1ef374d733a82d1682278e5b55.css]
[watchdocumentaries.com/wp-content/cache/breeze-minification/css/breeze_d8e372760bba540e34400cacfdb82221.css]
[watchdocumentaries.com/wp-content/cache/breeze-minification/css/breeze_e16cfbf17e354f87fd33661b103ec171.css]
[watchdocumentaries.com/wp-content/cache/breeze-minification/js/breeze_bf10b423057de0723bcddfa72761235d.js]
[watchdocumentaries.com/wp-content/plugins/wpdiscuz/assets/img/delete.png]
[watchdocumentaries.com/wp-content/plugins/wpdiscuz/assets/third-party/colorbox/images/overlay.png]
[watchdocumentaries.com/wp-content/cache/breeze-minification/css/breeze_40874dc692384dd314b75bc0cb126c30.css]
[watchdocumentaries.com/wp-content/cache/breeze-minification/css/breeze_824c09d1498b100403f709e2afea233a.css]
[watchdocumentaries.com/wp-content/cache/breeze-minification/css/breeze_c3e3da6b96cf9e42596e05c1cc2d7096.css]
[watchdocumentaries.com/wp-content/cache/breeze-minification/css/breeze_fcb8fe6b33dc7263017161c07f2934f1.css]
[watchdocumentaries.com/wp-content/cache/breeze-minification/css/breeze_7dd6efe7556ca666dca0126387feed72.css]
[watchdocumentaries.com/wp-content/themes/watchdocs/css/malihu/mCSB_buttons.png]
[watchdocumentaries.com/wp-content/cache/breeze-minification/css/breeze_6af7da37740bca10632b4d6324db97b2.css]
[watchdocumentaries.com/wp-content/cache/breeze-minification/css/breeze_888507254fe253ad1564b41bd724a1ca.css]
[watchdocumentaries.com/wp-content/cache/breeze-minification/css/breeze_998c1bd3e6c61cf12c09e6ff99441e9c.css]
[watchdocumentaries.com/wp-content/cache/breeze-minification/css/breeze_053b6470c5f41f64565ec6a05f13f2a1.css]
[watchdocumentaries.com/wp-content/cache/breeze-minification/css/breeze_1f294f64ef0a4397e8cb21ee4e428588.css]
[watchdocumentaries.com/wp-includes/css/dashicons.min8f99.css]
[watchdocumentaries.com/choice1ed7.html]
[a.pub.network/core/pubfig/cls.css]
[watchdocumentaries.com/wp-content/themes/watchdocs/css/malihu/mCSB_buttons.html]
